<?xml version="1.0" encoding="UTF-8"?>
<!-- Generated by org.testng.reporters.JUnitReportReporter -->
<testsuite hostname="DESKTOP-QA2SRJC" failures="0" tests="1" name="com.evs.vtiger.testBasepage.TestBasePase" time="11.941" errors="0" timestamp="2021-10-22T02:37:55 GMT-07:00" skipped="0">
  <testcase classname="com.evs.vtiger.testBasepage.TestBasePase" name="validLogin" time="11.941"/>
  <system-out/>
</testsuite> <!-- com.evs.vtiger.testBasepage.TestBasePase -->
