<?xml version="1.0" encoding="UTF-8"?>
<!-- Generated by org.testng.reporters.JUnitReportReporter -->
<testsuite hostname="DESKTOP-QA2SRJC" failures="0" tests="1" name="com.evs.vtiger.testLoginpage.TestLoginPage" time="7.287" errors="0" timestamp="2021-11-09T15:44:02 IST" skipped="0">
  <testcase classname="com.evs.vtiger.testLoginpage.TestLoginPage" name="asdf" time="7.287"/>
  <system-out/>
</testsuite> <!-- com.evs.vtiger.testLoginpage.TestLoginPage -->
